<?xml version="1.0" encoding="UTF-8"?>
<testng-results total="1" passed="1" failed="0" skipped="0">
  <reporter-output>
  </reporter-output>
  <suite started-at="2022-05-09T06:10:28Z" name="Default suite" finished-at="2022-05-09T06:10:40Z" duration-ms="12613">
    <groups>
      <group name="cucumber">
        <method signature="AbstractTestNGCucumberTests.runScenario(io.cucumber.testng.PickleWrapper, io.cucumber.testng.FeatureWrapper)[pri:0, instance:TestNGRunner.Test_Runner@7a55af6b]" name="runScenario" class="io.cucumber.testng.AbstractTestNGCucumberTests"/>
      </group> <!-- cucumber -->
    </groups>
    <test started-at="2022-05-09T06:10:28Z" name="Default test" finished-at="2022-05-09T06:10:40Z" duration-ms="12613">
      <class name="TestNGRunner.Test_Runner">
        <test-method is-config="true" signature="setUpClass(org.testng.ITestContext)[pri:0, instance:TestNGRunner.Test_Runner@7a55af6b]" started-at="2022-05-09T11:40:28Z" name="setUpClass" finished-at="2022-05-09T11:40:28Z" duration-ms="371" status="PASS">
          <params>
            <param index="0">
              <value>
                <![CDATA[org.testng.TestRunner@16aed49f]]>
              </value>
            </param>
          </params>
          <reporter-output>
          </reporter-output>
        </test-method> <!-- setUpClass -->
        <test-method signature="runScenario(io.cucumber.testng.PickleWrapper, io.cucumber.testng.FeatureWrapper)[pri:0, instance:TestNGRunner.Test_Runner@7a55af6b]" started-at="2022-05-09T11:40:28Z" name="runScenario" description="Runs Cucumber Scenarios" data-provider="scenarios" finished-at="2022-05-09T11:40:40Z" duration-ms="12194" status="PASS">
          <params>
            <param index="0">
              <value>
                <![CDATA["Validate Login"]]>
              </value>
            </param>
            <param index="1">
              <value>
                <![CDATA["Optional[Login feature of a OrganeHRM]"]]>
              </value>
            </param>
          </params>
          <reporter-output>
          </reporter-output>
        </test-method> <!-- runScenario -->
        <test-method is-config="true" signature="tearDownClass()[pri:0, instance:TestNGRunner.Test_Runner@7a55af6b]" started-at="2022-05-09T11:40:40Z" name="tearDownClass" finished-at="2022-05-09T11:40:40Z" duration-ms="25" status="PASS">
          <reporter-output>
          </reporter-output>
        </test-method> <!-- tearDownClass -->
      </class> <!-- TestNGRunner.Test_Runner -->
    </test> <!-- Default test -->
  </suite> <!-- Default suite -->
</testng-results>
